directory first-Trial already existing
=============================================================================================

*** getting meta-data from file header
=============================================================================================

=============================================================================================

*** loading data ***
---> loading data for file=/Users/orion/Library/Python/2.7/lib/python/site-packages/BlazarSEDFit/test_data/SEDs_data/SED_MW_Mrk501.dat
---> found these col ID and names: [2, 1, 0] ['dy', 'y', 'x']
---> z=3.360000e-02
---> restframe=obs
---> obj_name=Mrk-501 
---> data len=120
---> filtering for dupl entries
---> remove duplicate entries
---> data len after filtering dupl entries=120
---> filtering for UL
=============================================================================================

running PyLab in interactive mode
=============================================================================================

***  binning data  ***
---> N bins= 90
---> bin_widht= 0.2
=============================================================================================

=============================================================================================

*** evaluating spectral indices for data ***
---> range for indexradio updated to [6.000000,10.000000]
directory first-Trial/best-fit/ already existing
1000000.0 10000000000.0
---> name = radio            range=[6.000 ,10.000] log(Hz)  photon.val=-1.295207e+00, err=1.359752e-01 
**************************************************************************************************
Fit report

Model:
--------------------------------------------------------------------------------------------------------------
model parameters:
 Name             | Type                     | Units            | value         | phys. boundaries
--------------------------------------------------------------------------------------------------------------
 alpha            | spectral-slope           |                  | +7.047933e-01 | [-1.000000e+01,+1.000000e+01]  
 K                | flux-const               | erg cm^-2 s^-1   | -2.000020e+01 | [-3.000000e+01,+0.000000e+00]  
--------------------------------------------------------------------------------------------------------------

converged=1
calls=28
mesg=Both actual and predicted relative reductions in the sum of squares
  are at most 0.000000
dof=1
chisq=1.342584, chisq/red=1.342584 null hypothesis sig=0.246579

best fit pars
---------------------------------------------------------------------------------------------------
best-fit parameters:
  Name            | best-fit value| best-fit err  | start value   | fit boundaries
---------------------------------------------------------------------------------------------------
 alpha            | +7.047933e-01 | +1.359752e-01 | -1.000000e+00 | [-1.000000e+01,+1.000000e+01]
 K                | -2.000020e+01 | +1.311323e+00 | -1.000000e+01 | [-3.000000e+01,+0.000000e+00]
---------------------------------------------------------------------------------------------------


---> range for indexradio_mm updated to [10.000000,11.000000]
directory first-Trial/best-fit/ already existing
10000000000.0 1e+11
---> name = radio_mm         range=[10.000,11.000] log(Hz)  photon.val=-1.455018e+00, err=5.280896e-02 
**************************************************************************************************
Fit report

Model:
--------------------------------------------------------------------------------------------------------------
model parameters:
 Name             | Type                     | Units            | value         | phys. boundaries
--------------------------------------------------------------------------------------------------------------
 alpha            | spectral-slope           |                  | +5.449818e-01 | [-1.000000e+01,+1.000000e+01]  
 K                | flux-const               | erg cm^-2 s^-1   | -1.830690e+01 | [-3.000000e+01,+0.000000e+00]  
--------------------------------------------------------------------------------------------------------------

converged=1
calls=18
mesg=Both actual and predicted relative reductions in the sum of squares
  are at most 0.000000
dof=1
chisq=0.062983, chisq/red=0.062983 null hypothesis sig=0.801842

best fit pars
---------------------------------------------------------------------------------------------------
best-fit parameters:
  Name            | best-fit value| best-fit err  | start value   | fit boundaries
---------------------------------------------------------------------------------------------------
 alpha            | +5.449818e-01 | +5.280896e-02 | -1.000000e+00 | [-1.000000e+01,+1.000000e+01]
 K                | -1.830690e+01 | +5.449482e-01 | -1.000000e+01 | [-3.000000e+01,+0.000000e+00]
---------------------------------------------------------------------------------------------------


---> range for indexmm_IR updated to [10.300000,13.700000]
directory first-Trial/best-fit/ already existing
19952623149.7 5.01187233627e+13
---> name = mm_IR            range=[10.300,13.700] log(Hz)  photon.val=-1.296277e+00, err=3.749587e-02 
**************************************************************************************************
Fit report

Model:
--------------------------------------------------------------------------------------------------------------
model parameters:
 Name             | Type                     | Units            | value         | phys. boundaries
--------------------------------------------------------------------------------------------------------------
 alpha            | spectral-slope           |                  | +7.037230e-01 | [-1.000000e+01,+1.000000e+01]  
 K                | flux-const               | erg cm^-2 s^-1   | -1.995715e+01 | [-3.000000e+01,+0.000000e+00]  
--------------------------------------------------------------------------------------------------------------

converged=1
calls=29
mesg=Both actual and predicted relative reductions in the sum of squares
  are at most 0.000000
dof=1
chisq=0.326769, chisq/red=0.326769 null hypothesis sig=0.567568

best fit pars
---------------------------------------------------------------------------------------------------
best-fit parameters:
  Name            | best-fit value| best-fit err  | start value   | fit boundaries
---------------------------------------------------------------------------------------------------
 alpha            | +7.037230e-01 | +3.749587e-02 | -1.000000e+00 | [-1.000000e+01,+1.000000e+01]
 K                | -1.995715e+01 | +4.049979e-01 | -1.000000e+01 | [-3.000000e+01,+0.000000e+00]
---------------------------------------------------------------------------------------------------


---> range for indexIR_Opt updated to [12.300000,14.700000]
directory first-Trial/best-fit/ already existing
1.99526231497e+12 5.01187233627e+14
---> name = IR_Opt           range=[12.300,14.700] log(Hz)  photon.val=-2.087455e+00, err=5.433997e-01 
**************************************************************************************************
Fit report

Model:
--------------------------------------------------------------------------------------------------------------
model parameters:
 Name             | Type                     | Units            | value         | phys. boundaries
--------------------------------------------------------------------------------------------------------------
 alpha            | spectral-slope           |                  | -8.745539e-02 | [-1.000000e+01,+1.000000e+01]  
 K                | flux-const               | erg cm^-2 s^-1   | -8.769101e+00 | [-3.000000e+01,+0.000000e+00]  
--------------------------------------------------------------------------------------------------------------

converged=1
calls=27
mesg=Both actual and predicted relative reductions in the sum of squares
  are at most 0.000000
dof=1
chisq=3.033944, chisq/red=3.033944 null hypothesis sig=0.081540

best fit pars
---------------------------------------------------------------------------------------------------
best-fit parameters:
  Name            | best-fit value| best-fit err  | start value   | fit boundaries
---------------------------------------------------------------------------------------------------
 alpha            | -8.745539e-02 | +5.433997e-01 | -1.000000e+00 | [-1.000000e+01,+1.000000e+01]
 K                | -8.769101e+00 | +7.857158e+00 | -1.000000e+01 | [-3.000000e+01,+0.000000e+00]
---------------------------------------------------------------------------------------------------


---> range for indexOpt_UV updated to [14.000000,16.000000]
directory first-Trial/best-fit/ already existing
1e+14 1e+16
---> name = Opt_UV           range=[14.000,16.000] log(Hz)  photon.val=-2.665890e+00, err=1.419430e-01 
**************************************************************************************************
Fit report

Model:
--------------------------------------------------------------------------------------------------------------
model parameters:
 Name             | Type                     | Units            | value         | phys. boundaries
--------------------------------------------------------------------------------------------------------------
 alpha            | spectral-slope           |                  | -6.658905e-01 | [-1.000000e+01,+1.000000e+01]  
 K                | flux-const               | erg cm^-2 s^-1   | -4.382066e-01 | [-3.000000e+01,+0.000000e+00]  
--------------------------------------------------------------------------------------------------------------

converged=1
calls=25
mesg=Both actual and predicted relative reductions in the sum of squares
  are at most 0.000000
dof=4
chisq=15.742625, chisq/red=3.935656 null hypothesis sig=0.003385

best fit pars
---------------------------------------------------------------------------------------------------
best-fit parameters:
  Name            | best-fit value| best-fit err  | start value   | fit boundaries
---------------------------------------------------------------------------------------------------
 alpha            | -6.658905e-01 | +1.419430e-01 | -1.000000e+00 | [-1.000000e+01,+1.000000e+01]
 K                | -4.382066e-01 | +2.114048e+00 | -1.000000e+01 | [-3.000000e+01,+0.000000e+00]
---------------------------------------------------------------------------------------------------


---> range for indexBBB updated to [14.800000,16.200000]
directory first-Trial/best-fit/ already existing
6.3095734448e+14 1.58489319246e+16
---> name = BBB              range=[14.800,16.200] log(Hz)  photon.val=-2.282189e+00, err=5.738889e-01 
**************************************************************************************************
Fit report

Model:
--------------------------------------------------------------------------------------------------------------
model parameters:
 Name             | Type                     | Units            | value         | phys. boundaries
--------------------------------------------------------------------------------------------------------------
 alpha            | spectral-slope           |                  | -2.821894e-01 | [-1.000000e+01,+1.000000e+01]  
 K                | flux-const               | erg cm^-2 s^-1   | -6.260461e+00 | [-3.000000e+01,+0.000000e+00]  
--------------------------------------------------------------------------------------------------------------

converged=1
calls=26
mesg=Both actual and predicted relative reductions in the sum of squares
  are at most 0.000000
dof=1
chisq=5.748132, chisq/red=5.748132 null hypothesis sig=0.016506

best fit pars
---------------------------------------------------------------------------------------------------
best-fit parameters:
  Name            | best-fit value| best-fit err  | start value   | fit boundaries
---------------------------------------------------------------------------------------------------
 alpha            | -2.821894e-01 | +5.738889e-01 | -1.000000e+00 | [-1.000000e+01,+1.000000e+01]
 K                | -6.260461e+00 | +8.681664e+00 | -1.000000e+01 | [-3.000000e+01,+0.000000e+00]
---------------------------------------------------------------------------------------------------


---> range for indexUV_X updated to [15.000000,17.500000]
directory first-Trial/best-fit/ already existing
1e+15 3.16227766017e+17
---> name = UV_X             range=[15.000,17.500] log(Hz)  photon.val=-1.873128e+00, err=7.268880e-03 
**************************************************************************************************
Fit report

Model:
--------------------------------------------------------------------------------------------------------------
model parameters:
 Name             | Type                     | Units            | value         | phys. boundaries
--------------------------------------------------------------------------------------------------------------
 alpha            | spectral-slope           |                  | +1.268724e-01 | [-1.000000e+01,+1.000000e+01]  
 K                | flux-const               | erg cm^-2 s^-1   | -1.247647e+01 | [-3.000000e+01,+0.000000e+00]  
--------------------------------------------------------------------------------------------------------------

converged=2
calls=24
mesg=The relative error between two consecutive iterates is at most 0.000000
dof=4
chisq=0.601220, chisq/red=0.150305 null hypothesis sig=0.962928

best fit pars
---------------------------------------------------------------------------------------------------
best-fit parameters:
  Name            | best-fit value| best-fit err  | start value   | fit boundaries
---------------------------------------------------------------------------------------------------
 alpha            | +1.268724e-01 | +7.268880e-03 | -1.000000e+00 | [-1.000000e+01,+1.000000e+01]
 K                | -1.247647e+01 | +1.204762e-01 | -1.000000e+01 | [-3.000000e+01,+0.000000e+00]
---------------------------------------------------------------------------------------------------


---> range for indexX updated to [16.000000,19.000000]
directory first-Trial/best-fit/ already existing
1e+16 1e+19
---> name = X                range=[16.000,19.000] log(Hz)  photon.val=-2.111490e+00, err=3.364662e-02 
**************************************************************************************************
Fit report

Model:
--------------------------------------------------------------------------------------------------------------
model parameters:
 Name             | Type                     | Units            | value         | phys. boundaries
--------------------------------------------------------------------------------------------------------------
 alpha            | spectral-slope           |                  | -1.114901e-01 | [-1.000000e+01,+1.000000e+01]  
 K                | flux-const               | erg cm^-2 s^-1   | -8.374425e+00 | [-3.000000e+01,+0.000000e+00]  
--------------------------------------------------------------------------------------------------------------

converged=2
calls=42
mesg=The relative error between two consecutive iterates is at most 0.000000
dof=8
chisq=15.183807, chisq/red=1.897976 null hypothesis sig=0.055668

best fit pars
---------------------------------------------------------------------------------------------------
best-fit parameters:
  Name            | best-fit value| best-fit err  | start value   | fit boundaries
---------------------------------------------------------------------------------------------------
 alpha            | -1.114901e-01 | +3.364662e-02 | -1.000000e+00 | [-1.000000e+01,+1.000000e+01]
 K                | -8.374425e+00 | +5.984227e-01 | -1.000000e+01 | [-3.000000e+01,+0.000000e+00]
---------------------------------------------------------------------------------------------------


---> range for indexFermi updated to [22.380000,25.380000]
directory first-Trial/best-fit/ already existing
2.39883291902e+22 2.39883291902e+25
---> name = Fermi            range=[22.380,25.380] log(Hz)  photon.val=-1.847682e+00, err=1.485162e-02 
**************************************************************************************************
Fit report

Model:
--------------------------------------------------------------------------------------------------------------
model parameters:
 Name             | Type                     | Units            | value         | phys. boundaries
--------------------------------------------------------------------------------------------------------------
 alpha            | spectral-slope           |                  | +1.523184e-01 | [-1.000000e+01,+1.000000e+01]  
 K                | flux-const               | erg cm^-2 s^-1   | -1.441575e+01 | [-3.000000e+01,+0.000000e+00]  
--------------------------------------------------------------------------------------------------------------

converged=1
calls=33
mesg=Both actual and predicted relative reductions in the sum of squares
  are at most 0.000000
dof=4
chisq=0.212806, chisq/red=0.053202 null hypothesis sig=0.994725

best fit pars
---------------------------------------------------------------------------------------------------
best-fit parameters:
  Name            | best-fit value| best-fit err  | start value   | fit boundaries
---------------------------------------------------------------------------------------------------
 alpha            | +1.523184e-01 | +1.485162e-02 | -1.000000e+00 | [-1.000000e+01,+1.000000e+01]
 K                | -1.441575e+01 | +3.490258e-01 | -1.000000e+01 | [-3.000000e+01,+0.000000e+00]
---------------------------------------------------------------------------------------------------


=============================================================================================

running PyLab in interactive mode
running PyLab in interactive mode
=============================================================================================

*** Log-Polynomial fitting of the synchrotron component ***
---> first blind fit run, log-cubic fit range: [10, 19]
--------------------------------------------------------------------------------------------------------------
model parameters:
 Name             | Type                     | Units            | value         | phys. boundaries
--------------------------------------------------------------------------------------------------------------
 b                | curvature                |                  | -1.000000e+00 | [-1.000000e+01,+1.000000e+01]  
 c                | third-degree             |                  | -1.000000e+00 | [-1.000000e+01,+1.000000e+01]  
 Ep               | peak freq                | Hz               | +1.587608e+01 | [+0.000000e+00,+3.000000e+01]  
 Sp               | peak flux                | erg cm^-2 s^-1   | -1.000000e+01 | [-3.000000e+01,+0.000000e+00]  
--------------------------------------------------------------------------------------------------------------
directory first-Trial/best-fit/ already existing
10000000000.0 1e+19
**************************************************************************************************
Fit report

Model:
--------------------------------------------------------------------------------------------------------------
model parameters:
 Name             | Type                     | Units            | value         | phys. boundaries
--------------------------------------------------------------------------------------------------------------
 b                | curvature                |                  | -4.637069e-02 | [-1.000000e+01,+1.000000e+01]  
 c                | third-degree             |                  | +3.827321e-03 | [-1.000000e+01,+1.000000e+01]  
 Ep               | peak freq                | Hz               | +1.626343e+01 | [+0.000000e+00,+3.000000e+01]  
 Sp               | peak flux                | erg cm^-2 s^-1   | -1.025748e+01 | [-3.000000e+01,+0.000000e+00]  
--------------------------------------------------------------------------------------------------------------

converged=1
calls=47
mesg=Both actual and predicted relative reductions in the sum of squares
  are at most 0.000000
dof=16
chisq=173.553948, chisq/red=10.847122 null hypothesis sig=0.000000

best fit pars
---------------------------------------------------------------------------------------------------
best-fit parameters:
  Name            | best-fit value| best-fit err  | start value   | fit boundaries
---------------------------------------------------------------------------------------------------
 b                | -4.637069e-02 | +1.651844e-02 | -1.000000e+00 | [-1.000000e+01,+1.000000e+01]
 c                | +3.827321e-03 | +3.436067e-03 | -1.000000e+00 | [-1.000000e+01,+1.000000e+01]
 Ep               | +1.626343e+01 | +3.766375e-01 | +1.587608e+01 | [+0.000000e+00,+3.000000e+01]
 Sp               | -1.025748e+01 | +6.485990e-02 | -1.000000e+01 | [-3.000000e+01,+0.000000e+00]
---------------------------------------------------------------------------------------------------
---> sync       nu_p=+1.626343e+01 (err=+3.766375e-01)  nuFnu_p=-1.025748e+01 (err=+6.485990e-02) curv.=-4.637069e-02 (err=+1.651844e-02)
---> class:  HSP

---> check for host-galaxy, fit range: [10, 20]
--------------------------------------------------------------------------------------------------------------
model parameters:
 Name             | Type                     | Units            | value         | phys. boundaries
--------------------------------------------------------------------------------------------------------------
 L_host           | nuFnu-scale              | erg cm^-2 s^-1   | -1.025748e+01 | [-2.000000e+01,+2.000000e+01]  
 b                | curvature                |                  | -4.637069e-02 | [-1.000000e+01,+1.000000e+01]  
 c                | third-degree             |                  | +3.827321e-03 | [-1.000000e+01,+1.000000e+01]  
 Ep               | peak freq                | Hz               | +1.599057e+01 | [+0.000000e+00,+3.000000e+01]  
 Sp               | peak flux                | erg cm^-2 s^-1   | -1.025748e+01 | [-3.000000e+01,+0.000000e+00]  
--------------------------------------------------------------------------------------------------------------
directory first-Trial/best-fit/ already existing
10000000000.0 1e+20
**************************************************************************************************
Fit report

Model:
--------------------------------------------------------------------------------------------------------------
model parameters:
 Name             | Type                     | Units            | value         | phys. boundaries
--------------------------------------------------------------------------------------------------------------
 L_host           | nuFnu-scale              | erg cm^-2 s^-1   | -1.006057e+01 | [-2.000000e+01,+2.000000e+01]  
 b                | curvature                |                  | -6.398248e-02 | [-1.000000e+01,+1.000000e+01]  
 c                | third-degree             |                  | -1.714855e-03 | [-1.000000e+01,+1.000000e+01]  
 Ep               | peak freq                | Hz               | +1.703050e+01 | [+0.000000e+00,+3.000000e+01]  
 Sp               | peak flux                | erg cm^-2 s^-1   | -1.030007e+01 | [-3.000000e+01,+0.000000e+00]  
--------------------------------------------------------------------------------------------------------------

converged=2
calls=99
mesg=The relative error between two consecutive iterates is at most 0.000000
dof=16
chisq=16.490442, chisq/red=1.030653 null hypothesis sig=0.419287

best fit pars
---------------------------------------------------------------------------------------------------
best-fit parameters:
  Name            | best-fit value| best-fit err  | start value   | fit boundaries
---------------------------------------------------------------------------------------------------
 L_host           | -1.006057e+01 | +5.360790e-02 | -1.025748e+01 | [-1.225748e+01,-8.257480e+00]
 b                | -6.398248e-02 | +7.839555e-03 | -4.637069e-02 | [-1.000000e+01,+1.000000e+01]
 c                | -1.714855e-03 | +1.128950e-03 | +3.827321e-03 | [-1.000000e+01,+1.000000e+01]
 Ep               | +1.703050e+01 | +9.434836e-02 | +1.599057e+01 | [+0.000000e+00,+3.000000e+01]
 Sp               | -1.030007e+01 | +1.891357e-02 | -1.025748e+01 | [-3.000000e+01,+0.000000e+00]
---------------------------------------------------------------------------------------------------
---> sync       nu_p=+1.703050e+01 (err=+9.434836e-02)  nuFnu_p=-1.030007e+01 (err=+1.891357e-02) curv.=-6.398248e-02 (err=+7.839555e-03)
=============================================================================================

=============================================================================================

*** Log-Polynomial fitting of the IC component ***
--------------------------------------------------------------------------------------------------------------
model parameters:
 Name             | Type                     | Units            | value         | phys. boundaries
--------------------------------------------------------------------------------------------------------------
 b                | curvature                |                  | -1.000000e+00 | [-1.000000e+01,+1.000000e+01]  
 c                | third-degree             |                  | -1.000000e+00 | [-1.000000e+01,+1.000000e+01]  
 Ep               | peak freq                | Hz               | +2.546097e+01 | [+0.000000e+00,+3.000000e+01]  
 Sp               | peak flux                | erg cm^-2 s^-1   | -1.000000e+01 | [-3.000000e+01,+0.000000e+00]  
--------------------------------------------------------------------------------------------------------------
directory first-Trial/best-fit/ already existing
1e+22 1e+28
**************************************************************************************************
Fit report

Model:
--------------------------------------------------------------------------------------------------------------
model parameters:
 Name             | Type                     | Units            | value         | phys. boundaries
--------------------------------------------------------------------------------------------------------------
 b                | curvature                |                  | -1.167252e-01 | [-1.000000e+01,+1.000000e+01]  
 c                | third-degree             |                  | -2.347955e-02 | [-1.000000e+01,+1.000000e+01]  
 Ep               | peak freq                | Hz               | +2.534625e+01 | [+0.000000e+00,+3.000000e+01]  
 Sp               | peak flux                | erg cm^-2 s^-1   | -1.058254e+01 | [-3.000000e+01,+0.000000e+00]  
--------------------------------------------------------------------------------------------------------------

converged=2
calls=47
mesg=The relative error between two consecutive iterates is at most 0.000000
dof=9
chisq=5.465410, chisq/red=0.607268 null hypothesis sig=0.791998

best fit pars
---------------------------------------------------------------------------------------------------
best-fit parameters:
  Name            | best-fit value| best-fit err  | start value   | fit boundaries
---------------------------------------------------------------------------------------------------
 b                | -1.167252e-01 | +1.187811e-02 | -1.000000e+00 | [-1.000000e+01,+1.000000e+01]
 c                | -2.347955e-02 | +6.896018e-03 | -1.000000e+00 | [-1.000000e+01,+1.000000e+01]
 Ep               | +2.534625e+01 | +9.936744e-02 | +2.546097e+01 | [+0.000000e+00,+3.000000e+01]
 Sp               | -1.058254e+01 | +2.259612e-02 | -1.000000e+01 | [-3.000000e+01,+0.000000e+00]
---------------------------------------------------------------------------------------------------
---> IC         nu_p=+2.534625e+01 (err=+9.936744e-02)  nuFnu_p=-1.058254e+01 (err=+2.259612e-02) curv.=-1.167252e-01 (err=+1.187811e-02)
=============================================================================================

=============================================================================================

*** SEDShape values ***
---> spectral inidces values
---> name = radio            range=[6.000 ,10.000] log(Hz)  photon.val=-1.295207e+00, err=1.359752e-01 
---> name = radio_mm         range=[10.000,11.000] log(Hz)  photon.val=-1.455018e+00, err=5.280896e-02 
---> name = mm_IR            range=[10.300,13.700] log(Hz)  photon.val=-1.296277e+00, err=3.749587e-02 
---> name = IR_Opt           range=[12.300,14.700] log(Hz)  photon.val=-2.087455e+00, err=5.433997e-01 
---> name = Opt_UV           range=[14.000,16.000] log(Hz)  photon.val=-2.665890e+00, err=1.419430e-01 
---> name = BBB              range=[14.800,16.200] log(Hz)  photon.val=-2.282189e+00, err=5.738889e-01 
---> name = UV_X             range=[15.000,17.500] log(Hz)  photon.val=-1.873128e+00, err=7.268880e-03 
---> name = X                range=[16.000,19.000] log(Hz)  photon.val=-2.111490e+00, err=3.364662e-02 
---> name = Fermi            range=[22.380,25.380] log(Hz)  photon.val=-1.847682e+00, err=1.485162e-02 

---> peak values
---> sync       nu_p=+1.703050e+01 (err=+9.434836e-02)  nuFnu_p=-1.030007e+01 (err=+1.891357e-02) curv.=-6.398248e-02 (err=+7.839555e-03)

---> IC         nu_p=+2.534625e+01 (err=+9.936744e-02)  nuFnu_p=-1.058254e+01 (err=+2.259612e-02) curv.=-1.167252e-01 (err=+1.187811e-02)
=============================================================================================

running PyLab in interactive mode
=============================================================================================

***  constrains parameters from observable ***

directory first-Trial/obs_constrain_lppl/ already existing
directory first-Trial/lppl_BalzarSED_prod/ already existing
directory first-Trial/obs_constrain_lppl/ already existing
---> ***  emitting region parameters  ***
---> setting par type beaming, corresponding to par beam_obj
---> name = beam_obj          type = beaming                   units =                   val = +3.000000e+01  phys-bounds = [+1.000000e+00,No           ]  

---> setting par type redshift, corresponding to par z_cosm
--->  name = z_cosm            type = redshift                  units =                   val = +3.360000e-02  phys-bounds = [+0.000000e+00,No           ]  

---> setting par type magnetic_field, corresponding to par B
--->  name = B                 type = magnetic_field            units = G                 val = +5.500000e-02  phys-bounds = [+0.000000e+00,No           ]  

---> setting par type region_size, corresponding to par R
--->  name = R                 type = region_size               units = cm                val = +2.255405e+17  phys-bounds = [+0.000000e+00,No           ]  


---> *** electron distribution parameters ***
---> distribution type:  lppl
---> r elec. spec. curvature =3.199124e-01
---> setting par type curvature, corresponding to par r
--->  name = r                 type = spectral_curvature        units =                   val = +3.199124e-01  phys-bounds = [-1.000000e+01,+1.000000e+01]  

---> s_radio_mm 1.91003634139
---> s_X 3.2229802358
---> s_Fermi 2.55629057705
---> s_UV_X 2.74625527348
---> s_Opt_UV 4.33178097502
---> s from (s_Fermi + s_UV)/2
---> power-law index s: class obj=HSP s chosen is 2.651273
---> setting par type LE_spectral_slope, corresponding to par s
--->  name = s                 type = LE_spectral_slope         units =                   val = +2.651273e+00  phys-bounds = [-1.000000e+01,+1.000000e+01]  

---> gamma_3p_Sync= 1.347663e+05, assuming B=5.500000e-02
---> gamma_max=2.021244e+06 from nu_max_Sync= 2.413075e+19, using B=5.500000e-02
---> setting par type high-energy-cut-off, corresponding to par gmax
--->  name = gmax              type = high-energy-cut-off       units = Lorentz-factor    val = +2.021244e+06  phys-bounds = [+1.000000e+00,No           ]  

---> setting par type low-energy-cut-off, corresponding to par gmin
--->  name = gmin              type = low-energy-cut-off        units = Lorentz-factor    val = +2.909500e+02  phys-bounds = [+1.000000e+00,No           ]  

---> setting par type turn-over energy, corresponding to par gamma0_log_parab
---> using gamma_3p_Sync= 134766.304288
--->  name = gamma0_log_parab  type = turn-over-energy          units = Lorentz-factor    val = +3.841900e+04  phys-bounds = [+1.000000e+00,No           ]  

nu_p_S_blob 3.69595820296e+15
COMP FACTOR 4.03119748305 19178.5027682
---> gamma_3p_SSCc= %e 179568.451387
---> setting par type turn-over energy, corresponding to par gamma0_log_parab
---> using gamma_3p_SSC= 179568.451387
--->  name = gamma0_log_parab  type = turn-over-energy          units = Lorentz-factor    val = +5.119114e+04  phys-bounds = [+1.000000e+00,No           ]  


---> setting par type electron_density, corresponding to par N
---> B from nu_p_S=3.097885e-02
---> get B from best matching of nu_p_IC
---> B=8.167859e-08, out of boundaries 1.000000e-02 1.000000e-01, rejected
     Best B not found, (temporary set to 1.000000e-02)
---> setting par type magnetic_field, corresponding to par B
--->  name = B                 type = magnetic_field            units = G                 val = +1.000000e-02  phys-bounds = [+0.000000e+00,No           ]  

---> constrain failed, B set to:  name = B                 type = magnetic_field            units = G                 val = +1.000000e-02  phys-bounds = [+0.000000e+00,No           ]  


---> update pars for new B 
---> setting par type low-energy-cut-off, corresponding to par gmin
--->  name = gmin              type = low-energy-cut-off        units = Lorentz-factor    val = +6.823383e+02  phys-bounds = [+1.000000e+00,No           ]  

---> setting par type low-energy-cut-off, corresponding to par gamma0_log_parab
---> using gamma_3p_Sync= 316054.998762
--->  name = gamma0_log_parab  type = turn-over-energy          units = Lorentz-factor    val = +9.010055e+04  phys-bounds = [+1.000000e+00,No           ]  

---> gamma_max=4.740238e+06 from nu_max_Sync= 2.413075e+19, using B=1.000000e-02
---> setting par type high-energy-cut-off, corresponding to par gmax
--->  name = gmax              type = high-energy-cut-off       units = Lorentz-factor    val = +4.740238e+06  phys-bounds = [+1.000000e+00,No           ]  

---> setting par type electron_density, corresponding to par N
---> get R from Compoton Dominance (CD)
     Best R=3.231783e+16
---> setting par type region_size, corresponding to par R
--->  name = R                 type = region_size               units = cm                val = +3.231783e+16  phys-bounds = [+0.000000e+00,No           ]  

---> setting par type electron_density, corresponding to par N
     -->target comoving freq=1.526682e+19 observed freq=1.000000e+21 tau_gamma=7.655108e-10
     -->target comoving freq=2.546659e+18 observed freq=5.994843e+21 tau_gamma=1.491939e-09
     -->target comoving freq=4.248083e+17 observed freq=3.593814e+22 tau_gamma=1.965620e-09
     -->target comoving freq=7.086230e+16 observed freq=2.154435e+23 tau_gamma=2.079592e-09
     -->target comoving freq=1.182054e+16 observed freq=1.291550e+24 tau_gamma=1.801185e-09
     -->target comoving freq=1.971786e+15 observed freq=7.742637e+24 tau_gamma=1.371701e-09
     -->target comoving freq=3.289137e+14 observed freq=4.641589e+25 tau_gamma=1.010161e-09
     -->target comoving freq=5.486611e+13 observed freq=2.782559e+26 tau_gamma=7.398604e-10
     -->target comoving freq=9.152218e+12 observed freq=1.668101e+27 tau_gamma=5.414714e-10
     -->target comoving freq=1.526682e+12 observed freq=1.000000e+28 tau_gamma=3.558639e-10
---> t_var (days) 0.429871879962

show pars
-----------------------------------------------------------------------------------------
model parameters for jet model:

electron distribution type = lppl  
--------------------------------------------------------------------------------------------------------------
model parameters:
 Name             | Type                     | Units            | value         | phys. boundaries
--------------------------------------------------------------------------------------------------------------
 z_cosm           | redshift                 |                  | +3.360000e-02 | [+0.000000e+00,No           ]  
 B                | magnetic_field           | G                | +1.000000e-02 | [+0.000000e+00,No           ]  
 R                | region_size              | cm               | +3.231783e+16 | [+0.000000e+00,No           ]  
 beam_obj         | beaming                  |                  | +3.000000e+01 | [+1.000000e+00,No           ]  
 gmax             | high-energy-cut-off      | Lorentz-factor   | +4.740238e+06 | [+1.000000e+00,No           ]  
 gmin             | low-energy-cut-off       | Lorentz-factor   | +6.823383e+02 | [+1.000000e+00,No           ]  
 N                | electron_density         | cm^-3            | +2.766232e+00 | [+0.000000e+00,No           ]  
 s                | LE_spectral_slope        |                  | +2.651273e+00 | [-1.000000e+01,+1.000000e+01]  
 r                | spectral_curvature       |                  | +3.199124e-01 | [-1.000000e+01,+1.000000e+01]  
 gamma0_log_parab | turn-over-energy         | Lorentz-factor   | +9.010055e+04 | [+1.000000e+00,No           ]  
--------------------------------------------------------------------------------------------------------------
-----------------------------------------------------------------------------------------
eval_model
directory first-Trial/lppl_BalzarSED_prod/ already existing

=============================================================================================

--------------------------------------------------------------------------------------------------------------
model parameters:
 Name             | Type                     | Units            | value         | phys. boundaries
--------------------------------------------------------------------------------------------------------------
 z_cosm           | redshift                 |                  | +3.360000e-02 | [+0.000000e+00,No           ]  
 B                | magnetic_field           | G                | +1.000000e-02 | [+0.000000e+00,No           ]  
 R                | region_size              | cm               | +3.231783e+16 | [+0.000000e+00,No           ]  
 beam_obj         | beaming                  |                  | +3.000000e+01 | [+1.000000e+00,No           ]  
 gmax             | high-energy-cut-off      | Lorentz-factor   | +4.740238e+06 | [+1.000000e+00,No           ]  
 gmin             | low-energy-cut-off       | Lorentz-factor   | +6.823383e+02 | [+1.000000e+00,No           ]  
 N                | electron_density         | cm^-3            | +2.766232e+00 | [+0.000000e+00,No           ]  
 s                | LE_spectral_slope        |                  | +2.651273e+00 | [-1.000000e+01,+1.000000e+01]  
 r                | spectral_curvature       |                  | +3.199124e-01 | [-1.000000e+01,+1.000000e+01]  
 gamma0_log_parab | turn-over-energy         | Lorentz-factor   | +9.010055e+04 | [+1.000000e+00,No           ]  
 L_host           | nuFnu-scale              | erg cm^-2 s^-1   | -1.006057e+01 | [-2.000000e+01,+2.000000e+01]  
--------------------------------------------------------------------------------------------------------------
directory first-Trial/SSC-best-fit-lppl/ already existing
directory first-Trial/SSC-best-fit-lppl/ already existing
filtering data in fit range = [1.000000e+11,1.000000e+28]
data length 31
=============================================================================================

*** start fit process ***
initial pars: 
--------------------------------------------------------------------------------------------------------------
model parameters:
 Name             | Type                     | Units            | value         | phys. boundaries
--------------------------------------------------------------------------------------------------------------
 z_cosm           | redshift                 |                  | +3.360000e-02 | [+0.000000e+00,No           ]  
 B                | magnetic_field           | G                | +1.000000e-02 | [+0.000000e+00,No           ]  
 R                | region_size              | cm               | +3.231783e+16 | [+0.000000e+00,No           ]  
 beam_obj         | beaming                  |                  | +3.000000e+01 | [+1.000000e+00,No           ]  
 gmax             | high-energy-cut-off      | Lorentz-factor   | +4.740238e+06 | [+1.000000e+00,No           ]  
 gmin             | low-energy-cut-off       | Lorentz-factor   | +6.823383e+02 | [+1.000000e+00,No           ]  
 N                | electron_density         | cm^-3            | +2.766232e+00 | [+0.000000e+00,No           ]  
 s                | LE_spectral_slope        |                  | +2.651273e+00 | [-1.000000e+01,+1.000000e+01]  
 r                | spectral_curvature       |                  | +3.199124e-01 | [-1.000000e+01,+1.000000e+01]  
 gamma0_log_parab | turn-over-energy         | Lorentz-factor   | +9.010055e+04 | [+1.000000e+00,No           ]  
 L_host           | nuFnu-scale              | erg cm^-2 s^-1   | -1.006057e+01 | [-2.000000e+01,+2.000000e+01]  
--------------------------------------------------------------------------------------------------------------
**************************************************************************************************
Fit report

Model:
--------------------------------------------------------------------------------------------------------------
model parameters:
 Name             | Type                     | Units            | value         | phys. boundaries
--------------------------------------------------------------------------------------------------------------
 z_cosm           | redshift                 |                  | +3.360000e-02 | [+0.000000e+00,No           ]  
 B                | magnetic_field           | G                | +9.039087e-03 | [+0.000000e+00,No           ]  
 R                | region_size              | cm               | +3.019966e+16 | [+0.000000e+00,No           ]  
 beam_obj         | beaming                  |                  | +3.000000e+01 | [+1.000000e+00,No           ]  
 gmax             | high-energy-cut-off      | Lorentz-factor   | +4.740237e+06 | [+1.000000e+00,No           ]  
 gmin             | low-energy-cut-off       | Lorentz-factor   | +6.150852e+02 | [+1.000000e+00,No           ]  
 N                | electron_density         | cm^-3            | +2.654092e+00 | [+0.000000e+00,No           ]  
 s                | LE_spectral_slope        |                  | +2.538554e+00 | [-1.000000e+01,+1.000000e+01]  
 r                | spectral_curvature       |                  | +3.350753e-01 | [-1.000000e+01,+1.000000e+01]  
 gamma0_log_parab | turn-over-energy         | Lorentz-factor   | +8.440836e+04 | [+1.000000e+00,No           ]  
 L_host           | nuFnu-scale              | erg cm^-2 s^-1   | -1.006057e+01 | [-2.000000e+01,+2.000000e+01]  
--------------------------------------------------------------------------------------------------------------

converged=2
calls=61
mesg=The relative error between two consecutive iterates is at most 0.000000
dof=23
chisq=25.698585, chisq/red=1.117330 null hypothesis sig=0.315300

best fit pars
---------------------------------------------------------------------------------------------------
best-fit parameters:
  Name            | best-fit value| best-fit err  | start value   | fit boundaries
---------------------------------------------------------------------------------------------------
 z_cosm           | Frozen        | Frozen        | +3.360000e-02 | [+0.000000e+00,No           ]
 B                | +9.039087e-03 | +4.157907e-03 | +1.000000e-02 | [+0.000000e+00,No           ]
 R                | +3.019966e+16 | +1.457138e+16 | +3.231783e+16 | [+0.000000e+00,No           ]
 beam_obj         | Frozen        | Frozen        | +3.000000e+01 | [+1.000000e+00,No           ]
 gmax             | +4.740237e+06 | +7.634826e+00 | +4.740238e+06 | [+1.000000e+00,No           ]
 gmin             | +6.150852e+02 | +1.616762e+02 | +6.823383e+02 | [+1.000000e+00,No           ]
 N                | +2.654092e+00 | +9.931744e-01 | +2.766232e+00 | [+0.000000e+00,No           ]
 s                | +2.538554e+00 | +7.654224e-02 | +2.651273e+00 | [-1.000000e+01,+1.000000e+01]
 r                | +3.350753e-01 | +1.141636e-01 | +3.199124e-01 | [-1.000000e+01,+1.000000e+01]
 gamma0_log_parab | +8.440836e+04 | +6.903641e+04 | +9.010055e+04 | [+1.000000e+00,No           ]
 L_host           | Frozen        | Frozen        | -1.006057e+01 | [-1.225748e+01,-8.257480e+00]
---------------------------------------------------------------------------------------------------
1e+11 1e+28
=============================================================================================

